{"C:\\Users\\realk\\OneDrive\\Escritorio\\test\\applydigitaltest\\src\\app.controller.ts": {"path":"C:\\Users\\realk\\OneDrive\\Escritorio\\test\\applydigitaltest\\src\\app.controller.ts","statementMap":{"0":{"start":{"line":1,"column":0},"end":{"line":1,"column":49}},"1":{"start":{"line":2,"column":0},"end":{"line":2,"column":43}},"2":{"start":{"line":5,"column":7},"end":{"line":12,"column":null}},"3":{"start":{"line":6,"column":31},"end":{"line":6,"column":43}},"4":{"start":{"line":10,"column":4},"end":{"line":10,"column":38}},"5":{"start":{"line":5,"column":13},"end":{"line":5,"column":26}},"6":{"start":{"line":9,"column":2},"end":{"line":11,"column":null}},"7":{"start":{"line":5,"column":13},"end":{"line":12,"column":null}}},"fnMap":{"0":{"name":"(anonymous_2)","decl":{"start":{"line":6,"column":2},"end":{"line":6,"column":31}},"loc":{"start":{"line":6,"column":53},"end":{"line":6,"column":57}}},"1":{"name":"(anonymous_3)","decl":{"start":{"line":9,"column":2},"end":{"line":9,"column":10}},"loc":{"start":{"line":9,"column":10},"end":{"line":11,"column":3}}}},"branchMap":{"0":{"loc":{"start":{"line":6,"column":43},"end":{"line":6,"column":56}},"type":"cond-expr","locations":[{"start":{"line":6,"column":53},"end":{"line":6,"column":56}},{"start":{"line":6,"column":53},"end":{"line":6,"column":56}}]},"1":{"loc":{"start":{"line":6,"column":43},"end":{"line":6,"column":53}},"type":"binary-expr","locations":[{"start":{"line":6,"column":43},"end":{"line":6,"column":56}},{"start":{"line":6,"column":43},"end":{"line":6,"column":53}}]}},"s":{"0":1,"1":1,"2":1,"3":1,"4":1,"5":1,"6":1,"7":1},"f":{"0":1,"1":1},"b":{"0":[1,0],"1":[1,1]}}
,"C:\\Users\\realk\\OneDrive\\Escritorio\\test\\applydigitaltest\\src\\app.module.ts": {"path":"C:\\Users\\realk\\OneDrive\\Escritorio\\test\\applydigitaltest\\src\\app.module.ts","statementMap":{"0":{"start":{"line":1,"column":0},"end":{"line":1,"column":40}},"1":{"start":{"line":2,"column":0},"end":{"line":2,"column":61}},"2":{"start":{"line":3,"column":0},"end":{"line":3,"column":50}},"3":{"start":{"line":4,"column":0},"end":{"line":4,"column":48}},"4":{"start":{"line":6,"column":0},"end":{"line":6,"column":52}},"5":{"start":{"line":7,"column":0},"end":{"line":7,"column":60}},"6":{"start":{"line":8,"column":0},"end":{"line":8,"column":48}},"7":{"start":{"line":9,"column":0},"end":{"line":9,"column":48}},"8":{"start":{"line":10,"column":0},"end":{"line":10,"column":57}},"9":{"start":{"line":35,"column":7},"end":{"line":35,"column":null}},"10":{"start":{"line":35,"column":13},"end":{"line":35,"column":22}},"11":{"start":{"line":35,"column":13},"end":{"line":35,"column":null}},"12":{"start":{"line":18,"column":43},"end":{"line":27,"column":8}}},"fnMap":{"0":{"name":"(anonymous_1)","decl":{"start":{"line":18,"column":18},"end":{"line":18,"column":19}},"loc":{"start":{"line":18,"column":43},"end":{"line":27,"column":8}}}},"branchMap":{"0":{"loc":{"start":{"line":21,"column":23},"end":{"line":21,"column":59}},"type":"binary-expr","locations":[{"start":{"line":21,"column":23},"end":{"line":21,"column":49}},{"start":{"line":21,"column":53},"end":{"line":21,"column":59}}]}},"s":{"0":0,"1":0,"2":0,"3":0,"4":0,"5":0,"6":0,"7":0,"8":0,"9":0,"10":0,"11":0,"12":0},"f":{"0":0},"b":{"0":[0,0]}}
,"C:\\Users\\realk\\OneDrive\\Escritorio\\test\\applydigitaltest\\src\\app.service.ts": {"path":"C:\\Users\\realk\\OneDrive\\Escritorio\\test\\applydigitaltest\\src\\app.service.ts","statementMap":{"0":{"start":{"line":1,"column":0},"end":{"line":1,"column":44}},"1":{"start":{"line":4,"column":7},"end":{"line":8,"column":null}},"2":{"start":{"line":6,"column":4},"end":{"line":6,"column":26}},"3":{"start":{"line":4,"column":13},"end":{"line":4,"column":23}},"4":{"start":{"line":4,"column":13},"end":{"line":8,"column":null}}},"fnMap":{"0":{"name":"(anonymous_1)","decl":{"start":{"line":5,"column":2},"end":{"line":5,"column":10}},"loc":{"start":{"line":5,"column":10},"end":{"line":7,"column":3}}}},"branchMap":{},"s":{"0":1,"1":1,"2":1,"3":1,"4":1},"f":{"0":1},"b":{}}
,"C:\\Users\\realk\\OneDrive\\Escritorio\\test\\applydigitaltest\\src\\main.ts": {"path":"C:\\Users\\realk\\OneDrive\\Escritorio\\test\\applydigitaltest\\src\\main.ts","statementMap":{"0":{"start":{"line":1,"column":0},"end":{"line":1,"column":43}},"1":{"start":{"line":2,"column":0},"end":{"line":2,"column":41}},"2":{"start":{"line":3,"column":0},"end":{"line":3,"column":71}},"3":{"start":{"line":4,"column":0},"end":{"line":4,"column":80}},"4":{"start":{"line":7,"column":14},"end":{"line":7,"column":49}},"5":{"start":{"line":9,"column":48},"end":{"line":13,"column":4}},"6":{"start":{"line":14,"column":2},"end":{"line":14,"column":57}},"7":{"start":{"line":16,"column":24},"end":{"line":21,"column":12}},"8":{"start":{"line":23,"column":34},"end":{"line":25,"column":null}},"9":{"start":{"line":27,"column":2},"end":{"line":27,"column":49}},"10":{"start":{"line":29,"column":2},"end":{"line":29,"column":71}},"11":{"start":{"line":32,"column":0},"end":{"line":32,"column":17}}},"fnMap":{"0":{"name":"bootstrap","decl":{"start":{"line":6,"column":15},"end":{"line":6,"column":24}},"loc":{"start":{"line":6,"column":24},"end":{"line":30,"column":1}}}},"branchMap":{"0":{"loc":{"start":{"line":29,"column":19},"end":{"line":29,"column":69}},"type":"cond-expr","locations":[{"start":{"line":29,"column":38},"end":{"line":29,"column":62}},{"start":{"line":29,"column":65},"end":{"line":29,"column":69}}]}},"s":{"0":0,"1":0,"2":0,"3":0,"4":0,"5":0,"6":0,"7":0,"8":0,"9":0,"10":0,"11":0},"f":{"0":0},"b":{"0":[0,0]}}
,"C:\\Users\\realk\\OneDrive\\Escritorio\\test\\applydigitaltest\\src\\auth\\auth.controller.ts": {"path":"C:\\Users\\realk\\OneDrive\\Escritorio\\test\\applydigitaltest\\src\\auth\\auth.controller.ts","statementMap":{"0":{"start":{"line":1,"column":0},"end":{"line":1,"column":56}},"1":{"start":{"line":2,"column":0},"end":{"line":2,"column":45}},"2":{"start":{"line":3,"column":0},"end":{"line":3,"column":42}},"3":{"start":{"line":7,"column":7},"end":{"line":18,"column":null}},"4":{"start":{"line":8,"column":31},"end":{"line":8,"column":37}},"5":{"start":{"line":14,"column":15},"end":{"line":14,"column":63}},"6":{"start":{"line":15,"column":4},"end":{"line":15,"column":52}},"7":{"start":{"line":15,"column":13},"end":{"line":15,"column":52}},"8":{"start":{"line":16,"column":4},"end":{"line":16,"column":72}},"9":{"start":{"line":7,"column":13},"end":{"line":7,"column":27}},"10":{"start":{"line":11,"column":2},"end":{"line":17,"column":null}},"11":{"start":{"line":7,"column":13},"end":{"line":18,"column":null}}},"fnMap":{"0":{"name":"(anonymous_4)","decl":{"start":{"line":8,"column":2},"end":{"line":8,"column":31}},"loc":{"start":{"line":8,"column":48},"end":{"line":8,"column":52}}},"1":{"name":"(anonymous_5)","decl":{"start":{"line":11,"column":2},"end":{"line":11,"column":7}},"loc":{"start":{"line":11,"column":60},"end":{"line":17,"column":3}}}},"branchMap":{"0":{"loc":{"start":{"line":15,"column":4},"end":{"line":15,"column":52}},"type":"if","locations":[{"start":{"line":15,"column":4},"end":{"line":15,"column":52}},{"start":{},"end":{}}]},"1":{"loc":{"start":{"line":8,"column":37},"end":{"line":8,"column":51}},"type":"cond-expr","locations":[{"start":{"line":8,"column":48},"end":{"line":8,"column":51}},{"start":{"line":8,"column":48},"end":{"line":8,"column":51}}]},"2":{"loc":{"start":{"line":8,"column":37},"end":{"line":8,"column":48}},"type":"binary-expr","locations":[{"start":{"line":8,"column":37},"end":{"line":8,"column":51}},{"start":{"line":8,"column":37},"end":{"line":8,"column":48}}]}},"s":{"0":0,"1":0,"2":0,"3":0,"4":0,"5":0,"6":0,"7":0,"8":0,"9":0,"10":0,"11":0},"f":{"0":0,"1":0},"b":{"0":[0,0],"1":[0,0],"2":[0,0]}}
,"C:\\Users\\realk\\OneDrive\\Escritorio\\test\\applydigitaltest\\src\\auth\\auth.module.ts": {"path":"C:\\Users\\realk\\OneDrive\\Escritorio\\test\\applydigitaltest\\src\\auth\\auth.module.ts","statementMap":{"0":{"start":{"line":1,"column":0},"end":{"line":1,"column":40}},"1":{"start":{"line":2,"column":0},"end":{"line":2,"column":61}},"2":{"start":{"line":3,"column":0},"end":{"line":3,"column":40}},"3":{"start":{"line":4,"column":0},"end":{"line":4,"column":45}},"4":{"start":{"line":5,"column":0},"end":{"line":5,"column":51}},"5":{"start":{"line":6,"column":0},"end":{"line":6,"column":39}},"6":{"start":{"line":23,"column":7},"end":{"line":23,"column":null}},"7":{"start":{"line":23,"column":13},"end":{"line":23,"column":23}},"8":{"start":{"line":23,"column":13},"end":{"line":23,"column":null}},"9":{"start":{"line":13,"column":43},"end":{"line":16,"column":8}}},"fnMap":{"0":{"name":"(anonymous_1)","decl":{"start":{"line":13,"column":18},"end":{"line":13,"column":19}},"loc":{"start":{"line":13,"column":43},"end":{"line":16,"column":8}}}},"branchMap":{"0":{"loc":{"start":{"line":15,"column":34},"end":{"line":15,"column":67}},"type":"binary-expr","locations":[{"start":{"line":15,"column":34},"end":{"line":15,"column":59}},{"start":{"line":15,"column":63},"end":{"line":15,"column":67}}]}},"s":{"0":0,"1":0,"2":0,"3":0,"4":0,"5":0,"6":0,"7":0,"8":0,"9":0},"f":{"0":0},"b":{"0":[0,0]}}
,"C:\\Users\\realk\\OneDrive\\Escritorio\\test\\applydigitaltest\\src\\auth\\auth.service.ts": {"path":"C:\\Users\\realk\\OneDrive\\Escritorio\\test\\applydigitaltest\\src\\auth\\auth.service.ts","statementMap":{"0":{"start":{"line":1,"column":0},"end":{"line":1,"column":44}},"1":{"start":{"line":2,"column":0},"end":{"line":2,"column":47}},"2":{"start":{"line":3,"column":0},"end":{"line":3,"column":41}},"3":{"start":{"line":6,"column":7},"end":{"line":21,"column":null}},"4":{"start":{"line":8,"column":21},"end":{"line":8,"column":26}},"5":{"start":{"line":9,"column":21},"end":{"line":9,"column":26}},"6":{"start":{"line":13,"column":14},"end":{"line":13,"column":58}},"7":{"start":{"line":14,"column":14},"end":{"line":14,"column":58}},"8":{"start":{"line":15,"column":4},"end":{"line":15,"column":44}},"9":{"start":{"line":19,"column":4},"end":{"line":19,"column":34}},"10":{"start":{"line":6,"column":13},"end":{"line":6,"column":24}},"11":{"start":{"line":6,"column":13},"end":{"line":21,"column":null}}},"fnMap":{"0":{"name":"(anonymous_2)","decl":{"start":{"line":7,"column":2},"end":{"line":7,"column":null}},"loc":{"start":{"line":9,"column":36},"end":{"line":10,"column":6}}},"1":{"name":"(anonymous_3)","decl":{"start":{"line":12,"column":2},"end":{"line":12,"column":10}},"loc":{"start":{"line":12,"column":45},"end":{"line":16,"column":3}}},"2":{"name":"(anonymous_4)","decl":{"start":{"line":18,"column":2},"end":{"line":18,"column":11}},"loc":{"start":{"line":18,"column":23},"end":{"line":20,"column":3}}}},"branchMap":{"0":{"loc":{"start":{"line":13,"column":14},"end":{"line":13,"column":58}},"type":"binary-expr","locations":[{"start":{"line":13,"column":14},"end":{"line":13,"column":47}},{"start":{"line":13,"column":51},"end":{"line":13,"column":58}}]},"1":{"loc":{"start":{"line":14,"column":14},"end":{"line":14,"column":58}},"type":"binary-expr","locations":[{"start":{"line":14,"column":14},"end":{"line":14,"column":47}},{"start":{"line":14,"column":51},"end":{"line":14,"column":58}}]},"2":{"loc":{"start":{"line":15,"column":11},"end":{"line":15,"column":43}},"type":"binary-expr","locations":[{"start":{"line":15,"column":11},"end":{"line":15,"column":25}},{"start":{"line":15,"column":29},"end":{"line":15,"column":43}}]},"3":{"loc":{"start":{"line":8,"column":26},"end":{"line":8,"column":null}},"type":"cond-expr","locations":[{"start":{"line":8,"column":39},"end":{"line":8,"column":null}},{"start":{"line":8,"column":39},"end":{"line":8,"column":null}}]},"4":{"loc":{"start":{"line":8,"column":26},"end":{"line":8,"column":39}},"type":"binary-expr","locations":[{"start":{"line":8,"column":26},"end":{"line":8,"column":null}},{"start":{"line":8,"column":26},"end":{"line":8,"column":39}}]},"5":{"loc":{"start":{"line":8,"column":39},"end":{"line":9,"column":null}},"type":"cond-expr","locations":[{"start":{"line":9,"column":36},"end":{"line":9,"column":null}},{"start":{"line":9,"column":36},"end":{"line":9,"column":null}}]},"6":{"loc":{"start":{"line":8,"column":39},"end":{"line":9,"column":36}},"type":"binary-expr","locations":[{"start":{"line":8,"column":39},"end":{"line":9,"column":null}},{"start":{"line":9,"column":26},"end":{"line":9,"column":36}}]}},"s":{"0":1,"1":1,"2":1,"3":1,"4":2,"5":2,"6":1,"7":1,"8":1,"9":1,"10":1,"11":1},"f":{"0":2,"1":1,"2":1},"b":{"0":[1,0],"1":[1,0],"2":[1,1],"3":[1,0],"4":[1,1],"5":[1,0],"6":[1,1]}}
,"C:\\Users\\realk\\OneDrive\\Escritorio\\test\\applydigitaltest\\src\\auth\\jwt.guard.ts": {"path":"C:\\Users\\realk\\OneDrive\\Escritorio\\test\\applydigitaltest\\src\\auth\\jwt.guard.ts","statementMap":{"0":{"start":{"line":1,"column":0},"end":{"line":1,"column":null}},"1":{"start":{"line":7,"column":0},"end":{"line":7,"column":41}},"2":{"start":{"line":20,"column":7},"end":{"line":38,"column":null}},"3":{"start":{"line":21,"column":31},"end":{"line":21,"column":36}},"4":{"start":{"line":24,"column":16},"end":{"line":24,"column":69}},"5":{"start":{"line":25,"column":17},"end":{"line":25,"column":60}},"6":{"start":{"line":27,"column":18},"end":{"line":27,"column":55}},"7":{"start":{"line":28,"column":4},"end":{"line":28,"column":72}},"8":{"start":{"line":28,"column":16},"end":{"line":28,"column":72}},"9":{"start":{"line":30,"column":4},"end":{"line":36,"column":5}},"10":{"start":{"line":31,"column":22},"end":{"line":31,"column":70}},"11":{"start":{"line":32,"column":6},"end":{"line":32,"column":25}},"12":{"start":{"line":33,"column":6},"end":{"line":33,"column":18}},"13":{"start":{"line":35,"column":6},"end":{"line":35,"column":66}},"14":{"start":{"line":20,"column":13},"end":{"line":20,"column":21}},"15":{"start":{"line":20,"column":13},"end":{"line":38,"column":null}}},"fnMap":{"0":{"name":"(anonymous_2)","decl":{"start":{"line":21,"column":2},"end":{"line":21,"column":31}},"loc":{"start":{"line":21,"column":46},"end":{"line":21,"column":50}}},"1":{"name":"(anonymous_3)","decl":{"start":{"line":23,"column":2},"end":{"line":23,"column":7}},"loc":{"start":{"line":23,"column":41},"end":{"line":37,"column":3}}}},"branchMap":{"0":{"loc":{"start":{"line":25,"column":17},"end":{"line":25,"column":60}},"type":"binary-expr","locations":[{"start":{"line":25,"column":17},"end":{"line":25,"column":54}},{"start":{"line":25,"column":58},"end":{"line":25,"column":60}}]},"1":{"loc":{"start":{"line":28,"column":4},"end":{"line":28,"column":72}},"type":"if","locations":[{"start":{"line":28,"column":4},"end":{"line":28,"column":72}},{"start":{},"end":{}}]},"2":{"loc":{"start":{"line":21,"column":36},"end":{"line":21,"column":49}},"type":"cond-expr","locations":[{"start":{"line":21,"column":46},"end":{"line":21,"column":49}},{"start":{"line":21,"column":46},"end":{"line":21,"column":49}}]},"3":{"loc":{"start":{"line":21,"column":36},"end":{"line":21,"column":46}},"type":"binary-expr","locations":[{"start":{"line":21,"column":36},"end":{"line":21,"column":49}},{"start":{"line":21,"column":36},"end":{"line":21,"column":46}}]}},"s":{"0":2,"1":2,"2":2,"3":2,"4":2,"5":2,"6":2,"7":2,"8":1,"9":1,"10":1,"11":1,"12":1,"13":0,"14":2,"15":2},"f":{"0":2,"1":2},"b":{"0":[2,1],"1":[1,1],"2":[2,0],"3":[2,2]}}
,"C:\\Users\\realk\\OneDrive\\Escritorio\\test\\applydigitaltest\\src\\common\\pipes\\max-limit.pipe.ts": {"path":"C:\\Users\\realk\\OneDrive\\Escritorio\\test\\applydigitaltest\\src\\common\\pipes\\max-limit.pipe.ts","statementMap":{"0":{"start":{"line":1,"column":0},"end":{"line":1,"column":68}},"1":{"start":{"line":4,"column":18},"end":{"line":4,"column":42}},"2":{"start":{"line":5,"column":4},"end":{"line":5,"column":74}},"3":{"start":{"line":5,"column":19},"end":{"line":5,"column":74}},"4":{"start":{"line":6,"column":4},"end":{"line":6,"column":31}},"5":{"start":{"line":2,"column":0},"end":{"line":2,"column":13}}},"fnMap":{"0":{"name":"(anonymous_0)","decl":{"start":{"line":3,"column":2},"end":{"line":3,"column":11}},"loc":{"start":{"line":3,"column":37},"end":{"line":7,"column":3}}}},"branchMap":{"0":{"loc":{"start":{"line":4,"column":25},"end":{"line":4,"column":41}},"type":"binary-expr","locations":[{"start":{"line":4,"column":25},"end":{"line":4,"column":36}},{"start":{"line":4,"column":40},"end":{"line":4,"column":41}}]},"1":{"loc":{"start":{"line":5,"column":4},"end":{"line":5,"column":74}},"type":"if","locations":[{"start":{"line":5,"column":4},"end":{"line":5,"column":74}},{"start":{},"end":{}}]}},"s":{"0":2,"1":3,"2":3,"3":1,"4":2,"5":2},"f":{"0":3},"b":{"0":[3,1],"1":[1,2]}}
,"C:\\Users\\realk\\OneDrive\\Escritorio\\test\\applydigitaltest\\src\\products\\product.entity.ts": {"path":"C:\\Users\\realk\\OneDrive\\Escritorio\\test\\applydigitaltest\\src\\products\\product.entity.ts","statementMap":{"0":{"start":{"line":1,"column":0},"end":{"line":1,"column":null}},"1":{"start":{"line":11,"column":7},"end":{"line":24,"column":null}},"2":{"start":{"line":11,"column":13},"end":{"line":11,"column":20}},"3":{"start":{"line":12,"column":34},"end":{"line":12,"column":null}},"4":{"start":{"line":13,"column":56},"end":{"line":13,"column":null}},"5":{"start":{"line":14,"column":40},"end":{"line":14,"column":null}},"6":{"start":{"line":17,"column":2},"end":{"line":17,"column":null}},"7":{"start":{"line":18,"column":41},"end":{"line":18,"column":null}},"8":{"start":{"line":20,"column":2},"end":{"line":20,"column":null}},"9":{"start":{"line":21,"column":39},"end":{"line":21,"column":null}},"10":{"start":{"line":22,"column":22},"end":{"line":22,"column":null}},"11":{"start":{"line":23,"column":22},"end":{"line":23,"column":null}},"12":{"start":{"line":11,"column":13},"end":{"line":24,"column":null}}},"fnMap":{},"branchMap":{"0":{"loc":{"start":{"line":22,"column":33},"end":{"line":22,"column":38}},"type":"cond-expr","locations":[{"start":{"line":22,"column":37},"end":{"line":22,"column":38}},{"start":{"line":22,"column":37},"end":{"line":22,"column":38}}]},"1":{"loc":{"start":{"line":22,"column":33},"end":{"line":22,"column":37}},"type":"binary-expr","locations":[{"start":{"line":22,"column":33},"end":{"line":22,"column":38}},{"start":{"line":22,"column":33},"end":{"line":22,"column":37}}]},"2":{"loc":{"start":{"line":23,"column":33},"end":{"line":23,"column":38}},"type":"cond-expr","locations":[{"start":{"line":23,"column":37},"end":{"line":23,"column":38}},{"start":{"line":23,"column":37},"end":{"line":23,"column":38}}]},"3":{"loc":{"start":{"line":23,"column":33},"end":{"line":23,"column":37}},"type":"binary-expr","locations":[{"start":{"line":23,"column":33},"end":{"line":23,"column":38}},{"start":{"line":23,"column":33},"end":{"line":23,"column":37}}]}},"s":{"0":6,"1":6,"2":6,"3":6,"4":6,"5":6,"6":6,"7":6,"8":6,"9":6,"10":6,"11":6,"12":6},"f":{},"b":{"0":[6,0],"1":[6,6],"2":[6,0],"3":[6,6]}}
,"C:\\Users\\realk\\OneDrive\\Escritorio\\test\\applydigitaltest\\src\\products\\products.controller.ts": {"path":"C:\\Users\\realk\\OneDrive\\Escritorio\\test\\applydigitaltest\\src\\products\\products.controller.ts","statementMap":{"0":{"start":{"line":1,"column":0},"end":{"line":1,"column":null}},"1":{"start":{"line":9,"column":0},"end":{"line":9,"column":53}},"2":{"start":{"line":10,"column":0},"end":{"line":10,"column":60}},"3":{"start":{"line":11,"column":0},"end":{"line":11,"column":62}},"4":{"start":{"line":12,"column":0},"end":{"line":12,"column":42}},"5":{"start":{"line":16,"column":7},"end":{"line":29,"column":null}},"6":{"start":{"line":17,"column":31},"end":{"line":17,"column":40}},"7":{"start":{"line":22,"column":4},"end":{"line":22,"column":35}},"8":{"start":{"line":27,"column":4},"end":{"line":27,"column":39}},"9":{"start":{"line":16,"column":13},"end":{"line":16,"column":31}},"10":{"start":{"line":21,"column":2},"end":{"line":23,"column":null}},"11":{"start":{"line":26,"column":8},"end":{"line":28,"column":null}},"12":{"start":{"line":16,"column":13},"end":{"line":29,"column":null}}},"fnMap":{"0":{"name":"(anonymous_4)","decl":{"start":{"line":17,"column":2},"end":{"line":17,"column":31}},"loc":{"start":{"line":17,"column":55},"end":{"line":17,"column":59}}},"1":{"name":"(anonymous_5)","decl":{"start":{"line":21,"column":2},"end":{"line":21,"column":6}},"loc":{"start":{"line":21,"column":35},"end":{"line":23,"column":3}}},"2":{"name":"(anonymous_6)","decl":{"start":{"line":26,"column":8},"end":{"line":26,"column":14}},"loc":{"start":{"line":26,"column":38},"end":{"line":28,"column":3}}}},"branchMap":{"0":{"loc":{"start":{"line":21,"column":19},"end":{"line":21,"column":null}},"type":"cond-expr","locations":[{"start":{"line":21,"column":35},"end":{"line":21,"column":null}},{"start":{"line":21,"column":35},"end":{"line":21,"column":null}}]},"1":{"loc":{"start":{"line":21,"column":19},"end":{"line":21,"column":35}},"type":"binary-expr","locations":[{"start":{"line":21,"column":19},"end":{"line":21,"column":null}},{"start":{"line":21,"column":19},"end":{"line":21,"column":35}}]},"2":{"loc":{"start":{"line":17,"column":40},"end":{"line":17,"column":58}},"type":"cond-expr","locations":[{"start":{"line":17,"column":55},"end":{"line":17,"column":58}},{"start":{"line":17,"column":55},"end":{"line":17,"column":58}}]},"3":{"loc":{"start":{"line":17,"column":40},"end":{"line":17,"column":55}},"type":"binary-expr","locations":[{"start":{"line":17,"column":40},"end":{"line":17,"column":58}},{"start":{"line":17,"column":40},"end":{"line":17,"column":55}}]}},"s":{"0":1,"1":1,"2":1,"3":1,"4":1,"5":1,"6":2,"7":1,"8":1,"9":1,"10":1,"11":1,"12":1},"f":{"0":2,"1":1,"2":1},"b":{"0":[1,0],"1":[1,1],"2":[1,0],"3":[1,1]}}
,"C:\\Users\\realk\\OneDrive\\Escritorio\\test\\applydigitaltest\\src\\products\\products.module.ts": {"path":"C:\\Users\\realk\\OneDrive\\Escritorio\\test\\applydigitaltest\\src\\products\\products.module.ts","statementMap":{"0":{"start":{"line":1,"column":0},"end":{"line":1,"column":40}},"1":{"start":{"line":2,"column":0},"end":{"line":2,"column":48}},"2":{"start":{"line":3,"column":0},"end":{"line":3,"column":43}},"3":{"start":{"line":4,"column":0},"end":{"line":4,"column":53}},"4":{"start":{"line":5,"column":0},"end":{"line":5,"column":59}},"5":{"start":{"line":13,"column":7},"end":{"line":13,"column":null}},"6":{"start":{"line":13,"column":13},"end":{"line":13,"column":27}},"7":{"start":{"line":13,"column":13},"end":{"line":13,"column":null}}},"fnMap":{},"branchMap":{},"s":{"0":0,"1":0,"2":0,"3":0,"4":0,"5":0,"6":0,"7":0},"f":{},"b":{}}
,"C:\\Users\\realk\\OneDrive\\Escritorio\\test\\applydigitaltest\\src\\products\\products.service.ts": {"path":"C:\\Users\\realk\\OneDrive\\Escritorio\\test\\applydigitaltest\\src\\products\\products.service.ts","statementMap":{"0":{"start":{"line":1,"column":0},"end":{"line":1,"column":44}},"1":{"start":{"line":2,"column":0},"end":{"line":2,"column":51}},"2":{"start":{"line":3,"column":0},"end":{"line":3,"column":null}},"3":{"start":{"line":11,"column":0},"end":{"line":11,"column":43}},"4":{"start":{"line":14,"column":7},"end":{"line":92,"column":null}},"5":{"start":{"line":16,"column":48},"end":{"line":16,"column":54}},"6":{"start":{"line":20,"column":78},"end":{"line":20,"column":79}},"7":{"start":{"line":21,"column":45},"end":{"line":21,"column":65}},"8":{"start":{"line":22,"column":4},"end":{"line":22,"column":46}},"9":{"start":{"line":22,"column":14},"end":{"line":22,"column":46}},"10":{"start":{"line":23,"column":4},"end":{"line":23,"column":44}},"11":{"start":{"line":23,"column":18},"end":{"line":23,"column":44}},"12":{"start":{"line":24,"column":4},"end":{"line":27,"column":71}},"13":{"start":{"line":25,"column":6},"end":{"line":25,"column":64}},"14":{"start":{"line":26,"column":9},"end":{"line":27,"column":71}},"15":{"start":{"line":26,"column":23},"end":{"line":26,"column":71}},"16":{"start":{"line":27,"column":9},"end":{"line":27,"column":71}},"17":{"start":{"line":27,"column":23},"end":{"line":27,"column":71}},"18":{"start":{"line":29,"column":66},"end":{"line":29,"column":68}},"19":{"start":{"line":30,"column":4},"end":{"line":42,"column":5}},"20":{"start":{"line":41,"column":6},"end":{"line":41,"column":43}},"21":{"start":{"line":44,"column":27},"end":{"line":49,"column":6}},"22":{"start":{"line":50,"column":4},"end":{"line":50,"column":41}},"23":{"start":{"line":54,"column":20},"end":{"line":54,"column":62}},"24":{"start":{"line":55,"column":4},"end":{"line":55,"column":41}},"25":{"start":{"line":55,"column":18},"end":{"line":55,"column":41}},"26":{"start":{"line":56,"column":4},"end":{"line":56,"column":50}},"27":{"start":{"line":56,"column":27},"end":{"line":56,"column":50}},"28":{"start":{"line":57,"column":4},"end":{"line":57,"column":29}},"29":{"start":{"line":58,"column":4},"end":{"line":58,"column":34}},"30":{"start":{"line":59,"column":4},"end":{"line":59,"column":27}},"31":{"start":{"line":69,"column":21},"end":{"line":71,"column":6}},"32":{"start":{"line":72,"column":4},"end":{"line":90,"column":5}},"33":{"start":{"line":73,"column":22},"end":{"line":78,"column":8}},"34":{"start":{"line":79,"column":6},"end":{"line":79,"column":37}},"35":{"start":{"line":81,"column":22},"end":{"line":88,"column":8}},"36":{"start":{"line":89,"column":6},"end":{"line":89,"column":37}},"37":{"start":{"line":14,"column":13},"end":{"line":14,"column":28}},"38":{"start":{"line":14,"column":13},"end":{"line":92,"column":null}}},"fnMap":{"0":{"name":"(anonymous_4)","decl":{"start":{"line":15,"column":2},"end":{"line":15,"column":null}},"loc":{"start":{"line":16,"column":73},"end":{"line":17,"column":6}}},"1":{"name":"(anonymous_5)","decl":{"start":{"line":19,"column":2},"end":{"line":19,"column":7}},"loc":{"start":{"line":19,"column":35},"end":{"line":51,"column":3}}},"2":{"name":"(anonymous_6)","decl":{"start":{"line":53,"column":2},"end":{"line":53,"column":7}},"loc":{"start":{"line":53,"column":29},"end":{"line":60,"column":3}}},"3":{"name":"(anonymous_7)","decl":{"start":{"line":62,"column":2},"end":{"line":62,"column":7}},"loc":{"start":{"line":68,"column":3},"end":{"line":91,"column":3}}}},"branchMap":{"0":{"loc":{"start":{"line":20,"column":12},"end":{"line":20,"column":20}},"type":"default-arg","locations":[{"start":{"line":20,"column":19},"end":{"line":20,"column":20}}]},"1":{"loc":{"start":{"line":20,"column":22},"end":{"line":20,"column":31}},"type":"default-arg","locations":[{"start":{"line":20,"column":30},"end":{"line":20,"column":31}}]},"2":{"loc":{"start":{"line":22,"column":4},"end":{"line":22,"column":46}},"type":"if","locations":[{"start":{"line":22,"column":4},"end":{"line":22,"column":46}},{"start":{},"end":{}}]},"3":{"loc":{"start":{"line":23,"column":4},"end":{"line":23,"column":44}},"type":"if","locations":[{"start":{"line":23,"column":4},"end":{"line":23,"column":44}},{"start":{},"end":{}}]},"4":{"loc":{"start":{"line":24,"column":4},"end":{"line":27,"column":71}},"type":"if","locations":[{"start":{"line":24,"column":4},"end":{"line":27,"column":71}},{"start":{"line":26,"column":9},"end":{"line":27,"column":71}}]},"5":{"loc":{"start":{"line":24,"column":8},"end":{"line":24,"column":28}},"type":"binary-expr","locations":[{"start":{"line":24,"column":8},"end":{"line":24,"column":16}},{"start":{"line":24,"column":20},"end":{"line":24,"column":28}}]},"6":{"loc":{"start":{"line":26,"column":9},"end":{"line":27,"column":71}},"type":"if","locations":[{"start":{"line":26,"column":9},"end":{"line":27,"column":71}},{"start":{"line":27,"column":9},"end":{"line":27,"column":71}}]},"7":{"loc":{"start":{"line":27,"column":9},"end":{"line":27,"column":71}},"type":"if","locations":[{"start":{"line":27,"column":9},"end":{"line":27,"column":71}},{"start":{},"end":{}}]},"8":{"loc":{"start":{"line":30,"column":4},"end":{"line":42,"column":5}},"type":"if","locations":[{"start":{"line":30,"column":4},"end":{"line":42,"column":5}},{"start":{},"end":{}}]},"9":{"loc":{"start":{"line":31,"column":6},"end":{"line":39,"column":22}},"type":"binary-expr","locations":[{"start":{"line":31,"column":6},"end":{"line":31,"column":10}},{"start":{"line":32,"column":6},"end":{"line":39,"column":22}}]},"10":{"loc":{"start":{"line":55,"column":4},"end":{"line":55,"column":41}},"type":"if","locations":[{"start":{"line":55,"column":4},"end":{"line":55,"column":41}},{"start":{},"end":{}}]},"11":{"loc":{"start":{"line":56,"column":4},"end":{"line":56,"column":50}},"type":"if","locations":[{"start":{"line":56,"column":4},"end":{"line":56,"column":50}},{"start":{},"end":{}}]},"12":{"loc":{"start":{"line":72,"column":4},"end":{"line":90,"column":5}},"type":"if","locations":[{"start":{"line":72,"column":4},"end":{"line":90,"column":5}},{"start":{"line":80,"column":11},"end":{"line":90,"column":5}}]},"13":{"loc":{"start":{"line":75,"column":18},"end":{"line":75,"column":42}},"type":"binary-expr","locations":[{"start":{"line":75,"column":18},"end":{"line":75,"column":34}},{"start":{"line":75,"column":38},"end":{"line":75,"column":42}}]},"14":{"loc":{"start":{"line":76,"column":15},"end":{"line":76,"column":36}},"type":"binary-expr","locations":[{"start":{"line":76,"column":15},"end":{"line":76,"column":28}},{"start":{"line":76,"column":32},"end":{"line":76,"column":36}}]},"15":{"loc":{"start":{"line":77,"column":18},"end":{"line":77,"column":42}},"type":"binary-expr","locations":[{"start":{"line":77,"column":18},"end":{"line":77,"column":34}},{"start":{"line":77,"column":38},"end":{"line":77,"column":42}}]},"16":{"loc":{"start":{"line":84,"column":18},"end":{"line":84,"column":42}},"type":"binary-expr","locations":[{"start":{"line":84,"column":18},"end":{"line":84,"column":34}},{"start":{"line":84,"column":38},"end":{"line":84,"column":42}}]},"17":{"loc":{"start":{"line":85,"column":15},"end":{"line":85,"column":36}},"type":"binary-expr","locations":[{"start":{"line":85,"column":15},"end":{"line":85,"column":28}},{"start":{"line":85,"column":32},"end":{"line":85,"column":36}}]},"18":{"loc":{"start":{"line":86,"column":18},"end":{"line":86,"column":42}},"type":"binary-expr","locations":[{"start":{"line":86,"column":18},"end":{"line":86,"column":34}},{"start":{"line":86,"column":38},"end":{"line":86,"column":42}}]},"19":{"loc":{"start":{"line":16,"column":54},"end":{"line":16,"column":73}},"type":"cond-expr","locations":[{"start":{"line":16,"column":64},"end":{"line":16,"column":73}},{"start":{"line":16,"column":64},"end":{"line":16,"column":73}}]},"20":{"loc":{"start":{"line":16,"column":54},"end":{"line":16,"column":64}},"type":"binary-expr","locations":[{"start":{"line":16,"column":54},"end":{"line":16,"column":73}},{"start":{"line":16,"column":54},"end":{"line":16,"column":64}}]}},"s":{"0":4,"1":4,"2":4,"3":4,"4":4,"5":3,"6":1,"7":1,"8":1,"9":1,"10":1,"11":0,"12":1,"13":0,"14":1,"15":0,"16":1,"17":0,"18":1,"19":1,"20":0,"21":1,"22":1,"23":2,"24":2,"25":0,"26":2,"27":1,"28":1,"29":1,"30":1,"31":1,"32":1,"33":1,"34":1,"35":0,"36":0,"37":4,"38":4},"f":{"0":3,"1":1,"2":2,"3":1},"b":{"0":[0],"1":[0],"2":[1,0],"3":[0,1],"4":[0,1],"5":[1,0],"6":[0,1],"7":[0,1],"8":[0,1],"9":[1,0],"10":[0,2],"11":[1,1],"12":[1,0],"13":[1,1],"14":[1,1],"15":[1,1],"16":[0,0],"17":[0,0],"18":[0,0],"19":[4,0],"20":[4,4]}}
,"C:\\Users\\realk\\OneDrive\\Escritorio\\test\\applydigitaltest\\src\\products\\dto\\query-products.dto.ts": {"path":"C:\\Users\\realk\\OneDrive\\Escritorio\\test\\applydigitaltest\\src\\products\\dto\\query-products.dto.ts","statementMap":{"0":{"start":{"line":1,"column":0},"end":{"line":1,"column":78}},"1":{"start":{"line":2,"column":0},"end":{"line":2,"column":41}},"2":{"start":{"line":5,"column":61},"end":{"line":5,"column":62}},"3":{"start":{"line":6,"column":62},"end":{"line":6,"column":63}},"4":{"start":{"line":4,"column":0},"end":{"line":4,"column":13}},"5":{"start":{"line":5,"column":45},"end":{"line":5,"column":null}},"6":{"start":{"line":5,"column":14},"end":{"line":5,"column":20}},"7":{"start":{"line":6,"column":45},"end":{"line":6,"column":null}},"8":{"start":{"line":6,"column":14},"end":{"line":6,"column":20}},"9":{"start":{"line":7,"column":28},"end":{"line":7,"column":null}},"10":{"start":{"line":8,"column":28},"end":{"line":8,"column":null}},"11":{"start":{"line":9,"column":34},"end":{"line":9,"column":null}},"12":{"start":{"line":10,"column":34},"end":{"line":10,"column":null}},"13":{"start":{"line":11,"column":28},"end":{"line":11,"column":null}}},"fnMap":{"0":{"name":"(anonymous_2)","decl":{"start":{"line":5,"column":8},"end":{"line":5,"column":11}},"loc":{"start":{"line":5,"column":14},"end":{"line":5,"column":20}}},"1":{"name":"(anonymous_3)","decl":{"start":{"line":6,"column":8},"end":{"line":6,"column":11}},"loc":{"start":{"line":6,"column":14},"end":{"line":6,"column":20}}}},"branchMap":{},"s":{"0":1,"1":1,"2":0,"3":0,"4":1,"5":1,"6":0,"7":1,"8":0,"9":1,"10":1,"11":1,"12":1,"13":1},"f":{"0":0,"1":0},"b":{}}
,"C:\\Users\\realk\\OneDrive\\Escritorio\\test\\applydigitaltest\\src\\reports\\reports.controller.ts": {"path":"C:\\Users\\realk\\OneDrive\\Escritorio\\test\\applydigitaltest\\src\\reports\\reports.controller.ts","statementMap":{"0":{"start":{"line":1,"column":0},"end":{"line":1,"column":67}},"1":{"start":{"line":2,"column":0},"end":{"line":2,"column":51}},"2":{"start":{"line":3,"column":0},"end":{"line":3,"column":45}},"3":{"start":{"line":4,"column":0},"end":{"line":4,"column":57}},"4":{"start":{"line":10,"column":7},"end":{"line":40,"column":null}},"5":{"start":{"line":11,"column":31},"end":{"line":11,"column":40}},"6":{"start":{"line":15,"column":4},"end":{"line":15,"column":44}},"7":{"start":{"line":28,"column":6},"end":{"line":28,"column":66}},"8":{"start":{"line":29,"column":4},"end":{"line":33,"column":7}},"9":{"start":{"line":38,"column":4},"end":{"line":38,"column":65}},"10":{"start":{"line":10,"column":13},"end":{"line":10,"column":30}},"11":{"start":{"line":14,"column":2},"end":{"line":16,"column":null}},"12":{"start":{"line":19,"column":2},"end":{"line":34,"column":null}},"13":{"start":{"line":37,"column":2},"end":{"line":39,"column":null}},"14":{"start":{"line":10,"column":13},"end":{"line":40,"column":null}}},"fnMap":{"0":{"name":"(anonymous_4)","decl":{"start":{"line":11,"column":2},"end":{"line":11,"column":31}},"loc":{"start":{"line":11,"column":54},"end":{"line":11,"column":58}}},"1":{"name":"(anonymous_5)","decl":{"start":{"line":14,"column":2},"end":{"line":14,"column":9}},"loc":{"start":{"line":14,"column":9},"end":{"line":16,"column":3}}},"2":{"name":"(anonymous_6)","decl":{"start":{"line":19,"column":2},"end":{"line":19,"column":12}},"loc":{"start":{"line":25,"column":5},"end":{"line":34,"column":3}}},"3":{"name":"(anonymous_7)","decl":{"start":{"line":37,"column":2},"end":{"line":37,"column":5}},"loc":{"start":{"line":37,"column":36},"end":{"line":39,"column":3}}}},"branchMap":{"0":{"loc":{"start":{"line":28,"column":6},"end":{"line":28,"column":66}},"type":"cond-expr","locations":[{"start":{"line":28,"column":33},"end":{"line":28,"column":42}},{"start":{"line":28,"column":45},"end":{"line":28,"column":66}}]},"1":{"loc":{"start":{"line":38,"column":38},"end":{"line":38,"column":63}},"type":"cond-expr","locations":[{"start":{"line":38,"column":46},"end":{"line":38,"column":59}},{"start":{"line":38,"column":62},"end":{"line":38,"column":63}}]},"2":{"loc":{"start":{"line":11,"column":40},"end":{"line":11,"column":57}},"type":"cond-expr","locations":[{"start":{"line":11,"column":54},"end":{"line":11,"column":57}},{"start":{"line":11,"column":54},"end":{"line":11,"column":57}}]},"3":{"loc":{"start":{"line":11,"column":40},"end":{"line":11,"column":54}},"type":"binary-expr","locations":[{"start":{"line":11,"column":40},"end":{"line":11,"column":57}},{"start":{"line":11,"column":40},"end":{"line":11,"column":54}}]}},"s":{"0":1,"1":1,"2":1,"3":1,"4":1,"5":3,"6":1,"7":1,"8":1,"9":1,"10":1,"11":1,"12":1,"13":1,"14":1},"f":{"0":3,"1":1,"2":1,"3":1},"b":{"0":[0,1],"1":[0,1],"2":[1,0],"3":[1,1]}}
,"C:\\Users\\realk\\OneDrive\\Escritorio\\test\\applydigitaltest\\src\\reports\\reports.module.ts": {"path":"C:\\Users\\realk\\OneDrive\\Escritorio\\test\\applydigitaltest\\src\\reports\\reports.module.ts","statementMap":{"0":{"start":{"line":1,"column":0},"end":{"line":1,"column":40}},"1":{"start":{"line":2,"column":0},"end":{"line":2,"column":48}},"2":{"start":{"line":3,"column":0},"end":{"line":3,"column":53}},"3":{"start":{"line":4,"column":0},"end":{"line":4,"column":57}},"4":{"start":{"line":5,"column":0},"end":{"line":5,"column":51}},"5":{"start":{"line":6,"column":0},"end":{"line":6,"column":49}},"6":{"start":{"line":13,"column":7},"end":{"line":13,"column":null}},"7":{"start":{"line":13,"column":13},"end":{"line":13,"column":26}},"8":{"start":{"line":13,"column":13},"end":{"line":13,"column":null}}},"fnMap":{},"branchMap":{},"s":{"0":0,"1":0,"2":0,"3":0,"4":0,"5":0,"6":0,"7":0,"8":0},"f":{},"b":{}}
,"C:\\Users\\realk\\OneDrive\\Escritorio\\test\\applydigitaltest\\src\\reports\\reports.service.ts": {"path":"C:\\Users\\realk\\OneDrive\\Escritorio\\test\\applydigitaltest\\src\\reports\\reports.service.ts","statementMap":{"0":{"start":{"line":1,"column":0},"end":{"line":1,"column":44}},"1":{"start":{"line":2,"column":0},"end":{"line":2,"column":51}},"2":{"start":{"line":3,"column":0},"end":{"line":3,"column":59}},"3":{"start":{"line":4,"column":0},"end":{"line":4,"column":53}},"4":{"start":{"line":7,"column":7},"end":{"line":67,"column":null}},"5":{"start":{"line":9,"column":48},"end":{"line":9,"column":54}},"6":{"start":{"line":13,"column":18},"end":{"line":13,"column":41}},"7":{"start":{"line":14,"column":20},"end":{"line":14,"column":73}},"8":{"start":{"line":15,"column":23},"end":{"line":15,"column":58}},"9":{"start":{"line":16,"column":4},"end":{"line":16,"column":73}},"10":{"start":{"line":24,"column":18},"end":{"line":24,"column":41}},"11":{"start":{"line":25,"column":48},"end":{"line":25,"column":68}},"12":{"start":{"line":27,"column":4},"end":{"line":27,"column":63}},"13":{"start":{"line":27,"column":35},"end":{"line":27,"column":63}},"14":{"start":{"line":28,"column":4},"end":{"line":28,"column":59}},"15":{"start":{"line":28,"column":36},"end":{"line":28,"column":59}},"16":{"start":{"line":30,"column":4},"end":{"line":35,"column":5}},"17":{"start":{"line":31,"column":6},"end":{"line":34,"column":8}},"18":{"start":{"line":37,"column":20},"end":{"line":37,"column":52}},"19":{"start":{"line":38,"column":23},"end":{"line":38,"column":58}},"20":{"start":{"line":39,"column":4},"end":{"line":39,"column":73}},"21":{"start":{"line":45,"column":35},"end":{"line":53,"column":19}},"22":{"start":{"line":55,"column":28},"end":{"line":57,"column":6}},"23":{"start":{"line":58,"column":18},"end":{"line":64,"column":7}},"24":{"start":{"line":58,"column":35},"end":{"line":64,"column":6}},"25":{"start":{"line":65,"column":4},"end":{"line":65,"column":38}},"26":{"start":{"line":7,"column":13},"end":{"line":7,"column":27}},"27":{"start":{"line":7,"column":13},"end":{"line":67,"column":null}}},"fnMap":{"0":{"name":"(anonymous_4)","decl":{"start":{"line":8,"column":2},"end":{"line":8,"column":null}},"loc":{"start":{"line":9,"column":73},"end":{"line":10,"column":6}}},"1":{"name":"(anonymous_5)","decl":{"start":{"line":12,"column":2},"end":{"line":12,"column":7}},"loc":{"start":{"line":12,"column":25},"end":{"line":17,"column":3}}},"2":{"name":"(anonymous_6)","decl":{"start":{"line":19,"column":2},"end":{"line":19,"column":7}},"loc":{"start":{"line":23,"column":3},"end":{"line":40,"column":3}}},"3":{"name":"(anonymous_7)","decl":{"start":{"line":42,"column":2},"end":{"line":42,"column":7}},"loc":{"start":{"line":42,"column":31},"end":{"line":66,"column":3}}},"4":{"name":"(anonymous_8)","decl":{"start":{"line":58,"column":27},"end":{"line":58,"column":28}},"loc":{"start":{"line":58,"column":35},"end":{"line":64,"column":6}}}},"branchMap":{"0":{"loc":{"start":{"line":15,"column":23},"end":{"line":15,"column":58}},"type":"cond-expr","locations":[{"start":{"line":15,"column":31},"end":{"line":15,"column":54}},{"start":{"line":15,"column":57},"end":{"line":15,"column":58}}]},"1":{"loc":{"start":{"line":27,"column":4},"end":{"line":27,"column":63}},"type":"if","locations":[{"start":{"line":27,"column":4},"end":{"line":27,"column":63}},{"start":{},"end":{}}]},"2":{"loc":{"start":{"line":28,"column":4},"end":{"line":28,"column":59}},"type":"if","locations":[{"start":{"line":28,"column":4},"end":{"line":28,"column":59}},{"start":{},"end":{}}]},"3":{"loc":{"start":{"line":30,"column":4},"end":{"line":35,"column":5}},"type":"if","locations":[{"start":{"line":30,"column":4},"end":{"line":35,"column":5}},{"start":{},"end":{}}]},"4":{"loc":{"start":{"line":30,"column":8},"end":{"line":30,"column":44}},"type":"binary-expr","locations":[{"start":{"line":30,"column":8},"end":{"line":30,"column":25}},{"start":{"line":30,"column":29},"end":{"line":30,"column":44}}]},"5":{"loc":{"start":{"line":38,"column":23},"end":{"line":38,"column":58}},"type":"cond-expr","locations":[{"start":{"line":38,"column":31},"end":{"line":38,"column":54}},{"start":{"line":38,"column":57},"end":{"line":38,"column":58}}]},"6":{"loc":{"start":{"line":42,"column":22},"end":{"line":42,"column":31}},"type":"default-arg","locations":[{"start":{"line":42,"column":30},"end":{"line":42,"column":31}}]},"7":{"loc":{"start":{"line":61,"column":18},"end":{"line":63,"column":11}},"type":"cond-expr","locations":[{"start":{"line":62,"column":10},"end":{"line":62,"column":72}},{"start":{"line":63,"column":10},"end":{"line":63,"column":11}}]},"8":{"loc":{"start":{"line":9,"column":54},"end":{"line":9,"column":73}},"type":"cond-expr","locations":[{"start":{"line":9,"column":64},"end":{"line":9,"column":73}},{"start":{"line":9,"column":64},"end":{"line":9,"column":73}}]},"9":{"loc":{"start":{"line":9,"column":54},"end":{"line":9,"column":64}},"type":"binary-expr","locations":[{"start":{"line":9,"column":54},"end":{"line":9,"column":73}},{"start":{"line":9,"column":54},"end":{"line":9,"column":64}}]}},"s":{"0":2,"1":2,"2":2,"3":2,"4":2,"5":3,"6":1,"7":1,"8":1,"9":1,"10":1,"11":1,"12":1,"13":1,"14":1,"15":0,"16":1,"17":0,"18":1,"19":1,"20":1,"21":1,"22":1,"23":1,"24":2,"25":1,"26":2,"27":2},"f":{"0":3,"1":1,"2":1,"3":1,"4":2},"b":{"0":[1,0],"1":[1,0],"2":[0,1],"3":[0,1],"4":[1,0],"5":[1,0],"6":[0],"7":[2,0],"8":[2,0],"9":[2,2]}}
,"C:\\Users\\realk\\OneDrive\\Escritorio\\test\\applydigitaltest\\src\\sync\\sync.controller.ts": {"path":"C:\\Users\\realk\\OneDrive\\Escritorio\\test\\applydigitaltest\\src\\sync\\sync.controller.ts","statementMap":{"0":{"start":{"line":1,"column":0},"end":{"line":1,"column":50}},"1":{"start":{"line":2,"column":0},"end":{"line":2,"column":45}},"2":{"start":{"line":3,"column":0},"end":{"line":3,"column":42}},"3":{"start":{"line":7,"column":7},"end":{"line":13,"column":null}},"4":{"start":{"line":8,"column":31},"end":{"line":8,"column":40}},"5":{"start":{"line":11,"column":4},"end":{"line":11,"column":38}},"6":{"start":{"line":7,"column":13},"end":{"line":7,"column":27}},"7":{"start":{"line":10,"column":2},"end":{"line":12,"column":null}},"8":{"start":{"line":7,"column":13},"end":{"line":13,"column":null}}},"fnMap":{"0":{"name":"(anonymous_2)","decl":{"start":{"line":8,"column":2},"end":{"line":8,"column":31}},"loc":{"start":{"line":8,"column":51},"end":{"line":8,"column":55}}},"1":{"name":"(anonymous_3)","decl":{"start":{"line":10,"column":2},"end":{"line":10,"column":9}},"loc":{"start":{"line":10,"column":9},"end":{"line":12,"column":3}}}},"branchMap":{"0":{"loc":{"start":{"line":8,"column":40},"end":{"line":8,"column":54}},"type":"cond-expr","locations":[{"start":{"line":8,"column":51},"end":{"line":8,"column":54}},{"start":{"line":8,"column":51},"end":{"line":8,"column":54}}]},"1":{"loc":{"start":{"line":8,"column":40},"end":{"line":8,"column":51}},"type":"binary-expr","locations":[{"start":{"line":8,"column":40},"end":{"line":8,"column":54}},{"start":{"line":8,"column":40},"end":{"line":8,"column":51}}]}},"s":{"0":0,"1":0,"2":0,"3":0,"4":0,"5":0,"6":0,"7":0,"8":0},"f":{"0":0,"1":0},"b":{"0":[0,0],"1":[0,0]}}
,"C:\\Users\\realk\\OneDrive\\Escritorio\\test\\applydigitaltest\\src\\sync\\sync.module.ts": {"path":"C:\\Users\\realk\\OneDrive\\Escritorio\\test\\applydigitaltest\\src\\sync\\sync.module.ts","statementMap":{"0":{"start":{"line":1,"column":0},"end":{"line":1,"column":40}},"1":{"start":{"line":2,"column":0},"end":{"line":2,"column":61}},"2":{"start":{"line":3,"column":0},"end":{"line":3,"column":45}},"3":{"start":{"line":4,"column":0},"end":{"line":4,"column":51}},"4":{"start":{"line":12,"column":7},"end":{"line":12,"column":null}},"5":{"start":{"line":12,"column":13},"end":{"line":12,"column":23}},"6":{"start":{"line":12,"column":13},"end":{"line":12,"column":null}}},"fnMap":{},"branchMap":{},"s":{"0":0,"1":0,"2":0,"3":0,"4":0,"5":0,"6":0},"f":{},"b":{}}
,"C:\\Users\\realk\\OneDrive\\Escritorio\\test\\applydigitaltest\\src\\sync\\sync.service.ts": {"path":"C:\\Users\\realk\\OneDrive\\Escritorio\\test\\applydigitaltest\\src\\sync\\sync.service.ts","statementMap":{"0":{"start":{"line":1,"column":0},"end":{"line":1,"column":52}},"1":{"start":{"line":2,"column":0},"end":{"line":2,"column":56}},"2":{"start":{"line":3,"column":0},"end":{"line":3,"column":57}},"3":{"start":{"line":4,"column":0},"end":{"line":4,"column":47}},"4":{"start":{"line":5,"column":0},"end":{"line":5,"column":63}},"5":{"start":{"line":10,"column":20},"end":{"line":10,"column":21}},"6":{"start":{"line":11,"column":18},"end":{"line":11,"column":21}},"7":{"start":{"line":14,"column":24},"end":{"line":168,"column":null}},"8":{"start":{"line":15,"column":28},"end":{"line":15,"column":56}},"9":{"start":{"line":18,"column":21},"end":{"line":18,"column":26}},"10":{"start":{"line":19,"column":21},"end":{"line":19,"column":31}},"11":{"start":{"line":23,"column":18},"end":{"line":23,"column":65}},"12":{"start":{"line":24,"column":4},"end":{"line":31,"column":7}},"13":{"start":{"line":40,"column":6},"end":{"line":42,"column":15}},"14":{"start":{"line":44,"column":4},"end":{"line":54,"column":5}},"15":{"start":{"line":46,"column":6},"end":{"line":52,"column":7}},"16":{"start":{"line":47,"column":8},"end":{"line":47,"column":14}},"17":{"start":{"line":48,"column":13},"end":{"line":52,"column":7}},"18":{"start":{"line":49,"column":8},"end":{"line":49,"column":22}},"19":{"start":{"line":51,"column":8},"end":{"line":51,"column":16}},"20":{"start":{"line":53,"column":6},"end":{"line":53,"column":50}},"21":{"start":{"line":55,"column":4},"end":{"line":55,"column":51}},"22":{"start":{"line":59,"column":14},"end":{"line":59,"column":28}},"23":{"start":{"line":60,"column":17},"end":{"line":60,"column":77}},"24":{"start":{"line":61,"column":21},"end":{"line":61,"column":72}},"25":{"start":{"line":62,"column":18},"end":{"line":62,"column":66}},"26":{"start":{"line":63,"column":21},"end":{"line":63,"column":72}},"27":{"start":{"line":64,"column":4},"end":{"line":64,"column":72}},"28":{"start":{"line":68,"column":14},"end":{"line":68,"column":57}},"29":{"start":{"line":69,"column":14},"end":{"line":69,"column":60}},"30":{"start":{"line":70,"column":14},"end":{"line":70,"column":74}},"31":{"start":{"line":71,"column":17},"end":{"line":71,"column":77}},"32":{"start":{"line":73,"column":6},"end":{"line":73,"column":71}},"33":{"start":{"line":74,"column":4},"end":{"line":76,"column":8}},"34":{"start":{"line":80,"column":4},"end":{"line":80,"column":48}},"35":{"start":{"line":80,"column":29},"end":{"line":80,"column":46}},"36":{"start":{"line":88,"column":16},"end":{"line":88,"column":35}},"37":{"start":{"line":90,"column":4},"end":{"line":126,"column":5}},"38":{"start":{"line":91,"column":23},"end":{"line":91,"column":60}},"39":{"start":{"line":92,"column":6},"end":{"line":92,"column":18}},"40":{"start":{"line":94,"column":16},"end":{"line":94,"column":42}},"41":{"start":{"line":95,"column":21},"end":{"line":95,"column":39}},"42":{"start":{"line":96,"column":23},"end":{"line":96,"column":48}},"43":{"start":{"line":98,"column":8},"end":{"line":102,"column":54}},"44":{"start":{"line":104,"column":6},"end":{"line":122,"column":7}},"45":{"start":{"line":105,"column":27},"end":{"line":105,"column":57}},"46":{"start":{"line":106,"column":22},"end":{"line":106,"column":69}},"47":{"start":{"line":108,"column":8},"end":{"line":114,"column":9}},"48":{"start":{"line":109,"column":10},"end":{"line":109,"column":37}},"49":{"start":{"line":110,"column":15},"end":{"line":114,"column":9}},"50":{"start":{"line":111,"column":10},"end":{"line":111,"column":32}},"51":{"start":{"line":113,"column":10},"end":{"line":113,"column":38}},"52":{"start":{"line":115,"column":21},"end":{"line":115,"column":67}},"53":{"start":{"line":117,"column":8},"end":{"line":119,"column":10}},"54":{"start":{"line":120,"column":8},"end":{"line":120,"column":31}},"55":{"start":{"line":121,"column":8},"end":{"line":121,"column":57}},"56":{"start":{"line":124,"column":6},"end":{"line":124,"column":62}},"57":{"start":{"line":125,"column":6},"end":{"line":125,"column":14}},"58":{"start":{"line":130,"column":19},"end":{"line":130,"column":30}},"59":{"start":{"line":131,"column":15},"end":{"line":131,"column":16}},"60":{"start":{"line":132,"column":16},"end":{"line":132,"column":17}},"61":{"start":{"line":133,"column":19},"end":{"line":133,"column":20}},"62":{"start":{"line":134,"column":24},"end":{"line":134,"column":75}},"63":{"start":{"line":136,"column":4},"end":{"line":152,"column":27}},"64":{"start":{"line":137,"column":19},"end":{"line":137,"column":53}},"65":{"start":{"line":138,"column":6},"end":{"line":138,"column":25}},"66":{"start":{"line":140,"column":6},"end":{"line":149,"column":7}},"67":{"start":{"line":141,"column":18},"end":{"line":141,"column":38}},"68":{"start":{"line":142,"column":8},"end":{"line":148,"column":9}},"69":{"start":{"line":143,"column":10},"end":{"line":146,"column":13}},"70":{"start":{"line":147,"column":10},"end":{"line":147,"column":21}},"71":{"start":{"line":151,"column":6},"end":{"line":151,"column":62}},"72":{"start":{"line":154,"column":4},"end":{"line":154,"column":31}},"73":{"start":{"line":159,"column":4},"end":{"line":159,"column":57}},"74":{"start":{"line":160,"column":4},"end":{"line":166,"column":5}},"75":{"start":{"line":161,"column":18},"end":{"line":161,"column":42}},"76":{"start":{"line":162,"column":6},"end":{"line":162,"column":72}},"77":{"start":{"line":164,"column":18},"end":{"line":164,"column":60}},"78":{"start":{"line":165,"column":6},"end":{"line":165,"column":47}},"79":{"start":{"line":14,"column":13},"end":{"line":14,"column":24}},"80":{"start":{"line":158,"column":8},"end":{"line":167,"column":null}},"81":{"start":{"line":14,"column":13},"end":{"line":168,"column":null}}},"fnMap":{"0":{"name":"(anonymous_3)","decl":{"start":{"line":17,"column":2},"end":{"line":17,"column":null}},"loc":{"start":{"line":19,"column":46},"end":{"line":20,"column":6}}},"1":{"name":"(anonymous_4)","decl":{"start":{"line":22,"column":10},"end":{"line":22,"column":14}},"loc":{"start":{"line":22,"column":14},"end":{"line":32,"column":3}}},"2":{"name":"(anonymous_5)","decl":{"start":{"line":34,"column":10},"end":{"line":34,"column":23}},"loc":{"start":{"line":37,"column":20},"end":{"line":56,"column":3}}},"3":{"name":"(anonymous_6)","decl":{"start":{"line":58,"column":10},"end":{"line":58,"column":18}},"loc":{"start":{"line":58,"column":27},"end":{"line":65,"column":3}}},"4":{"name":"(anonymous_7)","decl":{"start":{"line":67,"column":10},"end":{"line":67,"column":18}},"loc":{"start":{"line":67,"column":47},"end":{"line":77,"column":3}}},"5":{"name":"(anonymous_8)","decl":{"start":{"line":79,"column":10},"end":{"line":79,"column":15}},"loc":{"start":{"line":79,"column":32},"end":{"line":81,"column":3}}},"6":{"name":"(anonymous_9)","decl":{"start":{"line":80,"column":22},"end":{"line":80,"column":23}},"loc":{"start":{"line":80,"column":29},"end":{"line":80,"column":46}}},"7":{"name":"(anonymous_10)","decl":{"start":{"line":83,"column":10},"end":{"line":83,"column":15}},"loc":{"start":{"line":86,"column":15},"end":{"line":127,"column":3}}},"8":{"name":"(anonymous_11)","decl":{"start":{"line":129,"column":2},"end":{"line":129,"column":7}},"loc":{"start":{"line":129,"column":19},"end":{"line":155,"column":3}}},"9":{"name":"(anonymous_12)","decl":{"start":{"line":158,"column":8},"end":{"line":158,"column":14}},"loc":{"start":{"line":158,"column":14},"end":{"line":167,"column":3}}}},"branchMap":{"0":{"loc":{"start":{"line":26,"column":8},"end":{"line":28,"column":40}},"type":"cond-expr","locations":[{"start":{"line":27,"column":12},"end":{"line":27,"column":44}},{"start":{"line":28,"column":12},"end":{"line":28,"column":40}}]},"1":{"loc":{"start":{"line":37,"column":4},"end":{"line":37,"column":20}},"type":"default-arg","locations":[{"start":{"line":37,"column":13},"end":{"line":37,"column":20}}]},"2":{"loc":{"start":{"line":40,"column":6},"end":{"line":42,"column":15}},"type":"cond-expr","locations":[{"start":{"line":41,"column":12},"end":{"line":41,"column":62}},{"start":{"line":42,"column":10},"end":{"line":42,"column":15}}]},"3":{"loc":{"start":{"line":40,"column":6},"end":{"line":40,"column":58}},"type":"binary-expr","locations":[{"start":{"line":40,"column":6},"end":{"line":40,"column":11}},{"start":{"line":40,"column":15},"end":{"line":40,"column":40}},{"start":{"line":40,"column":44},"end":{"line":40,"column":58}}]},"4":{"loc":{"start":{"line":41,"column":12},"end":{"line":41,"column":62}},"type":"binary-expr","locations":[{"start":{"line":41,"column":12},"end":{"line":41,"column":53}},{"start":{"line":41,"column":57},"end":{"line":41,"column":62}}]},"5":{"loc":{"start":{"line":44,"column":4},"end":{"line":54,"column":5}},"type":"if","locations":[{"start":{"line":44,"column":4},"end":{"line":54,"column":5}},{"start":{},"end":{}}]},"6":{"loc":{"start":{"line":46,"column":6},"end":{"line":52,"column":7}},"type":"if","locations":[{"start":{"line":46,"column":6},"end":{"line":52,"column":7}},{"start":{"line":48,"column":13},"end":{"line":52,"column":7}}]},"7":{"loc":{"start":{"line":48,"column":13},"end":{"line":52,"column":7}},"type":"if","locations":[{"start":{"line":48,"column":13},"end":{"line":52,"column":7}},{"start":{"line":50,"column":13},"end":{"line":52,"column":7}}]},"8":{"loc":{"start":{"line":53,"column":13},"end":{"line":53,"column":49}},"type":"cond-expr","locations":[{"start":{"line":53,"column":35},"end":{"line":53,"column":42}},{"start":{"line":53,"column":45},"end":{"line":53,"column":49}}]},"9":{"loc":{"start":{"line":55,"column":11},"end":{"line":55,"column":50}},"type":"cond-expr","locations":[{"start":{"line":55,"column":36},"end":{"line":55,"column":43}},{"start":{"line":55,"column":46},"end":{"line":55,"column":50}}]},"10":{"loc":{"start":{"line":59,"column":14},"end":{"line":59,"column":28}},"type":"binary-expr","locations":[{"start":{"line":59,"column":14},"end":{"line":59,"column":22}},{"start":{"line":59,"column":26},"end":{"line":59,"column":28}}]},"11":{"loc":{"start":{"line":60,"column":17},"end":{"line":60,"column":77}},"type":"binary-expr","locations":[{"start":{"line":60,"column":17},"end":{"line":60,"column":64}},{"start":{"line":60,"column":68},"end":{"line":60,"column":77}}]},"12":{"loc":{"start":{"line":70,"column":14},"end":{"line":70,"column":74}},"type":"binary-expr","locations":[{"start":{"line":70,"column":14},"end":{"line":70,"column":61}},{"start":{"line":70,"column":65},"end":{"line":70,"column":74}}]},"13":{"loc":{"start":{"line":71,"column":17},"end":{"line":71,"column":77}},"type":"binary-expr","locations":[{"start":{"line":71,"column":17},"end":{"line":71,"column":22}},{"start":{"line":71,"column":26},"end":{"line":71,"column":77}}]},"14":{"loc":{"start":{"line":71,"column":33},"end":{"line":71,"column":76}},"type":"binary-expr","locations":[{"start":{"line":71,"column":33},"end":{"line":71,"column":69}},{"start":{"line":71,"column":73},"end":{"line":71,"column":76}}]},"15":{"loc":{"start":{"line":86,"column":4},"end":{"line":86,"column":15}},"type":"default-arg","locations":[{"start":{"line":86,"column":14},"end":{"line":86,"column":15}}]},"16":{"loc":{"start":{"line":96,"column":23},"end":{"line":96,"column":48}},"type":"binary-expr","locations":[{"start":{"line":96,"column":23},"end":{"line":96,"column":42}},{"start":{"line":96,"column":46},"end":{"line":96,"column":48}}]},"17":{"loc":{"start":{"line":98,"column":8},"end":{"line":102,"column":54}},"type":"cond-expr","locations":[{"start":{"line":101,"column":13},"end":{"line":101,"column":61}},{"start":{"line":102,"column":13},"end":{"line":102,"column":53}}]},"18":{"loc":{"start":{"line":98,"column":8},"end":{"line":100,"column":36}},"type":"binary-expr","locations":[{"start":{"line":98,"column":8},"end":{"line":98,"column":44}},{"start":{"line":99,"column":8},"end":{"line":99,"column":33}},{"start":{"line":100,"column":8},"end":{"line":100,"column":36}}]},"19":{"loc":{"start":{"line":102,"column":13},"end":{"line":102,"column":53}},"type":"binary-expr","locations":[{"start":{"line":102,"column":13},"end":{"line":102,"column":22}},{"start":{"line":102,"column":26},"end":{"line":102,"column":53}}]},"20":{"loc":{"start":{"line":104,"column":6},"end":{"line":122,"column":7}},"type":"if","locations":[{"start":{"line":104,"column":6},"end":{"line":122,"column":7}},{"start":{},"end":{}}]},"21":{"loc":{"start":{"line":104,"column":10},"end":{"line":104,"column":49}},"type":"binary-expr","locations":[{"start":{"line":104,"column":10},"end":{"line":104,"column":24}},{"start":{"line":104,"column":28},"end":{"line":104,"column":49}}]},"22":{"loc":{"start":{"line":108,"column":8},"end":{"line":114,"column":9}},"type":"if","locations":[{"start":{"line":108,"column":8},"end":{"line":114,"column":9}},{"start":{"line":110,"column":15},"end":{"line":114,"column":9}}]},"23":{"loc":{"start":{"line":110,"column":15},"end":{"line":114,"column":9}},"type":"if","locations":[{"start":{"line":110,"column":15},"end":{"line":114,"column":9}},{"start":{"line":112,"column":15},"end":{"line":114,"column":9}}]},"24":{"loc":{"start":{"line":124,"column":38},"end":{"line":124,"column":50}},"type":"binary-expr","locations":[{"start":{"line":124,"column":38},"end":{"line":124,"column":44}},{"start":{"line":124,"column":48},"end":{"line":124,"column":50}}]},"25":{"loc":{"start":{"line":134,"column":31},"end":{"line":134,"column":74}},"type":"binary-expr","locations":[{"start":{"line":134,"column":31},"end":{"line":134,"column":67}},{"start":{"line":134,"column":71},"end":{"line":134,"column":74}}]},"26":{"loc":{"start":{"line":140,"column":26},"end":{"line":140,"column":42}},"type":"binary-expr","locations":[{"start":{"line":140,"column":26},"end":{"line":140,"column":36}},{"start":{"line":140,"column":40},"end":{"line":140,"column":42}}]},"27":{"loc":{"start":{"line":142,"column":8},"end":{"line":148,"column":9}},"type":"if","locations":[{"start":{"line":142,"column":8},"end":{"line":148,"column":9}},{"start":{},"end":{}}]},"28":{"loc":{"start":{"line":142,"column":12},"end":{"line":142,"column":56}},"type":"binary-expr","locations":[{"start":{"line":142,"column":12},"end":{"line":142,"column":46}},{"start":{"line":142,"column":50},"end":{"line":142,"column":56}}]},"29":{"loc":{"start":{"line":151,"column":14},"end":{"line":151,"column":61}},"type":"binary-expr","locations":[{"start":{"line":151,"column":14},"end":{"line":151,"column":24}},{"start":{"line":151,"column":28},"end":{"line":151,"column":46}},{"start":{"line":151,"column":50},"end":{"line":151,"column":61}}]},"30":{"loc":{"start":{"line":164,"column":18},"end":{"line":164,"column":60}},"type":"cond-expr","locations":[{"start":{"line":164,"column":39},"end":{"line":164,"column":48}},{"start":{"line":164,"column":51},"end":{"line":164,"column":60}}]},"31":{"loc":{"start":{"line":18,"column":26},"end":{"line":18,"column":null}},"type":"cond-expr","locations":[{"start":{"line":18,"column":39},"end":{"line":18,"column":null}},{"start":{"line":18,"column":39},"end":{"line":18,"column":null}}]},"32":{"loc":{"start":{"line":18,"column":26},"end":{"line":18,"column":39}},"type":"binary-expr","locations":[{"start":{"line":18,"column":26},"end":{"line":18,"column":null}},{"start":{"line":18,"column":26},"end":{"line":18,"column":39}}]},"33":{"loc":{"start":{"line":18,"column":39},"end":{"line":19,"column":null}},"type":"cond-expr","locations":[{"start":{"line":19,"column":46},"end":{"line":19,"column":null}},{"start":{"line":19,"column":46},"end":{"line":19,"column":null}}]},"34":{"loc":{"start":{"line":18,"column":39},"end":{"line":19,"column":46}},"type":"binary-expr","locations":[{"start":{"line":18,"column":39},"end":{"line":19,"column":null}},{"start":{"line":19,"column":31},"end":{"line":19,"column":46}}]}},"s":{"0":2,"1":2,"2":2,"3":2,"4":2,"5":2,"6":2,"7":2,"8":2,"9":2,"10":2,"11":0,"12":0,"13":4,"14":4,"15":1,"16":1,"17":0,"18":0,"19":0,"20":1,"21":3,"22":1,"23":1,"24":1,"25":1,"26":1,"27":1,"28":3,"29":3,"30":3,"31":3,"32":3,"33":3,"34":1,"35":1,"36":3,"37":3,"38":3,"39":2,"40":1,"41":1,"42":1,"43":1,"44":1,"45":1,"46":1,"47":1,"48":0,"49":1,"50":0,"51":1,"52":1,"53":1,"54":1,"55":1,"56":0,"57":0,"58":2,"59":2,"60":2,"61":2,"62":2,"63":2,"64":2,"65":2,"66":2,"67":1,"68":1,"69":1,"70":1,"71":2,"72":2,"73":0,"74":0,"75":0,"76":0,"77":0,"78":0,"79":2,"80":2,"81":2},"f":{"0":2,"1":0,"2":4,"3":1,"4":3,"5":1,"6":1,"7":3,"8":2,"9":0},"b":{"0":[0,0],"1":[4],"2":[1,3],"3":[4,2,1],"4":[1,0],"5":[1,3],"6":[1,0],"7":[0,0],"8":[1,0],"9":[1,2],"10":[1,0],"11":[1,0],"12":[3,0],"13":[3,3],"14":[3,1],"15":[2],"16":[1,1],"17":[0,1],"18":[1,0,0],"19":[1,0],"20":[1,0],"21":[1,1],"22":[0,1],"23":[0,1],"24":[0,0],"25":[2,1],"26":[2,0],"27":[1,0],"28":[1,1],"29":[2,0,0],"30":[0,0],"31":[2,0],"32":[2,2],"33":[2,0],"34":[2,2]}}
}
