TN:
SF:src\app.controller.ts
FN:6,(anonymous_2)
FN:9,(anonymous_3)
FNF:2
FNH:2
FNDA:1,(anonymous_2)
FNDA:1,(anonymous_3)
DA:1,1
DA:2,1
DA:5,1
DA:6,1
DA:9,1
DA:10,1
LF:6
LH:6
BRDA:6,0,0,1
BRDA:6,0,1,0
BRDA:6,1,0,1
BRDA:6,1,1,1
BRF:4
BRH:3
end_of_record
TN:
SF:src\app.module.ts
FN:18,(anonymous_1)
FNF:1
FNH:0
FNDA:0,(anonymous_1)
DA:1,0
DA:2,0
DA:3,0
DA:4,0
DA:6,0
DA:7,0
DA:8,0
DA:9,0
DA:10,0
DA:18,0
DA:35,0
LF:11
LH:0
BRDA:21,0,0,0
BRDA:21,0,1,0
BRF:2
BRH:0
end_of_record
TN:
SF:src\app.service.ts
FN:5,(anonymous_1)
FNF:1
FNH:1
FNDA:1,(anonymous_1)
DA:1,1
DA:4,1
DA:6,1
LF:3
LH:3
BRF:0
BRH:0
end_of_record
TN:
SF:src\main.ts
FN:6,bootstrap
FNF:1
FNH:0
FNDA:0,bootstrap
DA:1,0
DA:2,0
DA:3,0
DA:4,0
DA:7,0
DA:9,0
DA:14,0
DA:16,0
DA:23,0
DA:27,0
DA:29,0
DA:32,0
LF:12
LH:0
BRDA:29,0,0,0
BRDA:29,0,1,0
BRF:2
BRH:0
end_of_record
TN:
SF:src\auth\auth.controller.ts
FN:8,(anonymous_4)
FN:11,(anonymous_5)
FNF:2
FNH:0
FNDA:0,(anonymous_4)
FNDA:0,(anonymous_5)
DA:1,0
DA:2,0
DA:3,0
DA:7,0
DA:8,0
DA:11,0
DA:14,0
DA:15,0
DA:16,0
LF:9
LH:0
BRDA:15,0,0,0
BRDA:15,0,1,0
BRDA:8,1,0,0
BRDA:8,1,1,0
BRDA:8,2,0,0
BRDA:8,2,1,0
BRF:6
BRH:0
end_of_record
TN:
SF:src\auth\auth.module.ts
FN:13,(anonymous_1)
FNF:1
FNH:0
FNDA:0,(anonymous_1)
DA:1,0
DA:2,0
DA:3,0
DA:4,0
DA:5,0
DA:6,0
DA:13,0
DA:23,0
LF:8
LH:0
BRDA:15,0,0,0
BRDA:15,0,1,0
BRF:2
BRH:0
end_of_record
TN:
SF:src\auth\auth.service.ts
FN:7,(anonymous_2)
FN:12,(anonymous_3)
FN:18,(anonymous_4)
FNF:3
FNH:3
FNDA:2,(anonymous_2)
FNDA:1,(anonymous_3)
FNDA:1,(anonymous_4)
DA:1,1
DA:2,1
DA:3,1
DA:6,1
DA:8,2
DA:9,2
DA:13,1
DA:14,1
DA:15,1
DA:19,1
LF:10
LH:10
BRDA:13,0,0,1
BRDA:13,0,1,0
BRDA:14,1,0,1
BRDA:14,1,1,0
BRDA:15,2,0,1
BRDA:15,2,1,1
BRDA:8,3,0,1
BRDA:8,3,1,0
BRDA:8,4,0,1
BRDA:8,4,1,1
BRDA:8,5,0,1
BRDA:8,5,1,0
BRDA:8,6,0,1
BRDA:8,6,1,1
BRF:14
BRH:10
end_of_record
TN:
SF:src\auth\jwt.guard.ts
FN:21,(anonymous_2)
FN:23,(anonymous_3)
FNF:2
FNH:2
FNDA:2,(anonymous_2)
FNDA:2,(anonymous_3)
DA:1,2
DA:7,2
DA:20,2
DA:21,2
DA:24,2
DA:25,2
DA:27,2
DA:28,2
DA:30,1
DA:31,1
DA:32,1
DA:33,1
DA:35,0
LF:13
LH:12
BRDA:25,0,0,2
BRDA:25,0,1,1
BRDA:28,1,0,1
BRDA:28,1,1,1
BRDA:21,2,0,2
BRDA:21,2,1,0
BRDA:21,3,0,2
BRDA:21,3,1,2
BRF:8
BRH:7
end_of_record
TN:
SF:src\common\pipes\max-limit.pipe.ts
FN:3,(anonymous_0)
FNF:1
FNH:1
FNDA:3,(anonymous_0)
DA:1,2
DA:2,2
DA:4,3
DA:5,3
DA:6,2
LF:5
LH:5
BRDA:4,0,0,3
BRDA:4,0,1,1
BRDA:5,1,0,1
BRDA:5,1,1,2
BRF:4
BRH:4
end_of_record
TN:
SF:src\products\product.entity.ts
FNF:0
FNH:0
DA:1,6
DA:11,6
DA:12,6
DA:13,6
DA:14,6
DA:17,6
DA:18,6
DA:20,6
DA:21,6
DA:22,6
DA:23,6
LF:11
LH:11
BRDA:22,0,0,6
BRDA:22,0,1,0
BRDA:22,1,0,6
BRDA:22,1,1,6
BRDA:23,2,0,6
BRDA:23,2,1,0
BRDA:23,3,0,6
BRDA:23,3,1,6
BRF:8
BRH:6
end_of_record
TN:
SF:src\products\products.controller.ts
FN:17,(anonymous_4)
FN:21,(anonymous_5)
FN:26,(anonymous_6)
FNF:3
FNH:3
FNDA:2,(anonymous_4)
FNDA:1,(anonymous_5)
FNDA:1,(anonymous_6)
DA:1,1
DA:9,1
DA:10,1
DA:11,1
DA:12,1
DA:16,1
DA:17,2
DA:21,1
DA:22,1
DA:26,1
DA:27,1
LF:11
LH:11
BRDA:21,0,0,1
BRDA:21,0,1,0
BRDA:21,1,0,1
BRDA:21,1,1,1
BRDA:17,2,0,1
BRDA:17,2,1,0
BRDA:17,3,0,1
BRDA:17,3,1,1
BRF:8
BRH:6
end_of_record
TN:
SF:src\products\products.module.ts
FNF:0
FNH:0
DA:1,0
DA:2,0
DA:3,0
DA:4,0
DA:5,0
DA:13,0
LF:6
LH:0
BRF:0
BRH:0
end_of_record
TN:
SF:src\products\products.service.ts
FN:15,(anonymous_4)
FN:19,(anonymous_5)
FN:53,(anonymous_6)
FN:62,(anonymous_7)
FNF:4
FNH:4
FNDA:3,(anonymous_4)
FNDA:1,(anonymous_5)
FNDA:2,(anonymous_6)
FNDA:1,(anonymous_7)
DA:1,4
DA:2,4
DA:3,4
DA:11,4
DA:14,4
DA:16,3
DA:20,1
DA:21,1
DA:22,1
DA:23,1
DA:24,1
DA:25,0
DA:26,1
DA:27,1
DA:29,1
DA:30,1
DA:41,0
DA:44,1
DA:50,1
DA:54,2
DA:55,2
DA:56,2
DA:57,1
DA:58,1
DA:59,1
DA:69,1
DA:72,1
DA:73,1
DA:79,1
DA:81,0
DA:89,0
LF:31
LH:27
BRDA:20,0,0,0
BRDA:20,1,0,0
BRDA:22,2,0,1
BRDA:22,2,1,0
BRDA:23,3,0,0
BRDA:23,3,1,1
BRDA:24,4,0,0
BRDA:24,4,1,1
BRDA:24,5,0,1
BRDA:24,5,1,0
BRDA:26,6,0,0
BRDA:26,6,1,1
BRDA:27,7,0,0
BRDA:27,7,1,1
BRDA:30,8,0,0
BRDA:30,8,1,1
BRDA:31,9,0,1
BRDA:31,9,1,0
BRDA:55,10,0,0
BRDA:55,10,1,2
BRDA:56,11,0,1
BRDA:56,11,1,1
BRDA:72,12,0,1
BRDA:72,12,1,0
BRDA:75,13,0,1
BRDA:75,13,1,1
BRDA:76,14,0,1
BRDA:76,14,1,1
BRDA:77,15,0,1
BRDA:77,15,1,1
BRDA:84,16,0,0
BRDA:84,16,1,0
BRDA:85,17,0,0
BRDA:85,17,1,0
BRDA:86,18,0,0
BRDA:86,18,1,0
BRDA:16,19,0,4
BRDA:16,19,1,0
BRDA:16,20,0,4
BRDA:16,20,1,4
BRF:40
BRH:21
end_of_record
TN:
SF:src\products\dto\query-products.dto.ts
FN:5,(anonymous_2)
FN:6,(anonymous_3)
FNF:2
FNH:0
FNDA:0,(anonymous_2)
FNDA:0,(anonymous_3)
DA:1,1
DA:2,1
DA:4,1
DA:5,1
DA:6,1
DA:7,1
DA:8,1
DA:9,1
DA:10,1
DA:11,1
LF:10
LH:10
BRF:0
BRH:0
end_of_record
TN:
SF:src\reports\reports.controller.ts
FN:11,(anonymous_4)
FN:14,(anonymous_5)
FN:19,(anonymous_6)
FN:37,(anonymous_7)
FNF:4
FNH:4
FNDA:3,(anonymous_4)
FNDA:1,(anonymous_5)
FNDA:1,(anonymous_6)
FNDA:1,(anonymous_7)
DA:1,1
DA:2,1
DA:3,1
DA:4,1
DA:10,1
DA:11,3
DA:14,1
DA:15,1
DA:19,1
DA:28,1
DA:29,1
DA:37,1
DA:38,1
LF:13
LH:13
BRDA:28,0,0,0
BRDA:28,0,1,1
BRDA:38,1,0,0
BRDA:38,1,1,1
BRDA:11,2,0,1
BRDA:11,2,1,0
BRDA:11,3,0,1
BRDA:11,3,1,1
BRF:8
BRH:5
end_of_record
TN:
SF:src\reports\reports.module.ts
FNF:0
FNH:0
DA:1,0
DA:2,0
DA:3,0
DA:4,0
DA:5,0
DA:6,0
DA:13,0
LF:7
LH:0
BRF:0
BRH:0
end_of_record
TN:
SF:src\reports\reports.service.ts
FN:8,(anonymous_4)
FN:12,(anonymous_5)
FN:19,(anonymous_6)
FN:42,(anonymous_7)
FN:58,(anonymous_8)
FNF:5
FNH:5
FNDA:3,(anonymous_4)
FNDA:1,(anonymous_5)
FNDA:1,(anonymous_6)
FNDA:1,(anonymous_7)
FNDA:2,(anonymous_8)
DA:1,2
DA:2,2
DA:3,2
DA:4,2
DA:7,2
DA:9,3
DA:13,1
DA:14,1
DA:15,1
DA:16,1
DA:24,1
DA:25,1
DA:27,1
DA:28,1
DA:30,1
DA:31,0
DA:37,1
DA:38,1
DA:39,1
DA:45,1
DA:55,1
DA:58,2
DA:65,1
LF:23
LH:22
BRDA:15,0,0,1
BRDA:15,0,1,0
BRDA:27,1,0,1
BRDA:27,1,1,0
BRDA:28,2,0,0
BRDA:28,2,1,1
BRDA:30,3,0,0
BRDA:30,3,1,1
BRDA:30,4,0,1
BRDA:30,4,1,0
BRDA:38,5,0,1
BRDA:38,5,1,0
BRDA:42,6,0,0
BRDA:61,7,0,2
BRDA:61,7,1,0
BRDA:9,8,0,2
BRDA:9,8,1,0
BRDA:9,9,0,2
BRDA:9,9,1,2
BRF:19
BRH:10
end_of_record
TN:
SF:src\sync\sync.controller.ts
FN:8,(anonymous_2)
FN:10,(anonymous_3)
FNF:2
FNH:0
FNDA:0,(anonymous_2)
FNDA:0,(anonymous_3)
DA:1,0
DA:2,0
DA:3,0
DA:7,0
DA:8,0
DA:10,0
DA:11,0
LF:7
LH:0
BRDA:8,0,0,0
BRDA:8,0,1,0
BRDA:8,1,0,0
BRDA:8,1,1,0
BRF:4
BRH:0
end_of_record
TN:
SF:src\sync\sync.module.ts
FNF:0
FNH:0
DA:1,0
DA:2,0
DA:3,0
DA:4,0
DA:12,0
LF:5
LH:0
BRF:0
BRH:0
end_of_record
TN:
SF:src\sync\sync.service.ts
FN:17,(anonymous_3)
FN:22,(anonymous_4)
FN:34,(anonymous_5)
FN:58,(anonymous_6)
FN:67,(anonymous_7)
FN:79,(anonymous_8)
FN:80,(anonymous_9)
FN:83,(anonymous_10)
FN:129,(anonymous_11)
FN:158,(anonymous_12)
FNF:10
FNH:8
FNDA:2,(anonymous_3)
FNDA:0,(anonymous_4)
FNDA:4,(anonymous_5)
FNDA:1,(anonymous_6)
FNDA:3,(anonymous_7)
FNDA:1,(anonymous_8)
FNDA:1,(anonymous_9)
FNDA:3,(anonymous_10)
FNDA:2,(anonymous_11)
FNDA:0,(anonymous_12)
DA:1,2
DA:2,2
DA:3,2
DA:4,2
DA:5,2
DA:10,2
DA:11,2
DA:14,2
DA:15,2
DA:18,2
DA:19,2
DA:23,0
DA:24,0
DA:40,4
DA:44,4
DA:46,1
DA:47,1
DA:48,0
DA:49,0
DA:51,0
DA:53,1
DA:55,3
DA:59,1
DA:60,1
DA:61,1
DA:62,1
DA:63,1
DA:64,1
DA:68,3
DA:69,3
DA:70,3
DA:71,3
DA:73,3
DA:74,3
DA:80,1
DA:88,3
DA:90,3
DA:91,3
DA:92,2
DA:94,1
DA:95,1
DA:96,1
DA:98,1
DA:104,1
DA:105,1
DA:106,1
DA:108,1
DA:109,0
DA:110,1
DA:111,0
DA:113,1
DA:115,1
DA:117,1
DA:120,1
DA:121,1
DA:124,0
DA:125,0
DA:130,2
DA:131,2
DA:132,2
DA:133,2
DA:134,2
DA:136,2
DA:137,2
DA:138,2
DA:140,2
DA:141,1
DA:142,1
DA:143,1
DA:147,1
DA:151,2
DA:154,2
DA:158,2
DA:159,0
DA:160,0
DA:161,0
DA:162,0
DA:164,0
DA:165,0
LF:79
LH:64
BRDA:26,0,0,0
BRDA:26,0,1,0
BRDA:37,1,0,4
BRDA:40,2,0,1
BRDA:40,2,1,3
BRDA:40,3,0,4
BRDA:40,3,1,2
BRDA:40,3,2,1
BRDA:41,4,0,1
BRDA:41,4,1,0
BRDA:44,5,0,1
BRDA:44,5,1,3
BRDA:46,6,0,1
BRDA:46,6,1,0
BRDA:48,7,0,0
BRDA:48,7,1,0
BRDA:53,8,0,1
BRDA:53,8,1,0
BRDA:55,9,0,1
BRDA:55,9,1,2
BRDA:59,10,0,1
BRDA:59,10,1,0
BRDA:60,11,0,1
BRDA:60,11,1,0
BRDA:70,12,0,3
BRDA:70,12,1,0
BRDA:71,13,0,3
BRDA:71,13,1,3
BRDA:71,14,0,3
BRDA:71,14,1,1
BRDA:86,15,0,2
BRDA:96,16,0,1
BRDA:96,16,1,1
BRDA:98,17,0,0
BRDA:98,17,1,1
BRDA:98,18,0,1
BRDA:98,18,1,0
BRDA:98,18,2,0
BRDA:102,19,0,1
BRDA:102,19,1,0
BRDA:104,20,0,1
BRDA:104,20,1,0
BRDA:104,21,0,1
BRDA:104,21,1,1
BRDA:108,22,0,0
BRDA:108,22,1,1
BRDA:110,23,0,0
BRDA:110,23,1,1
BRDA:124,24,0,0
BRDA:124,24,1,0
BRDA:134,25,0,2
BRDA:134,25,1,1
BRDA:140,26,0,2
BRDA:140,26,1,0
BRDA:142,27,0,1
BRDA:142,27,1,0
BRDA:142,28,0,1
BRDA:142,28,1,1
BRDA:151,29,0,2
BRDA:151,29,1,0
BRDA:151,29,2,0
BRDA:164,30,0,0
BRDA:164,30,1,0
BRDA:18,31,0,2
BRDA:18,31,1,0
BRDA:18,32,0,2
BRDA:18,32,1,2
BRDA:18,33,0,2
BRDA:18,33,1,0
BRDA:18,34,0,2
BRDA:18,34,1,2
BRF:71
BRH:44
end_of_record
